d:\dell task\server-side\x64\debug\vc143.pdb
d:\dell task\server-side\x64\debug\vc143.idb
d:\dell task\server-side\x64\debug\temperature_sensor.obj
d:\dell task\server-side\x64\debug\socket_communication.obj
d:\dell task\server-side\x64\debug\sensor.obj
d:\dell task\server-side\x64\debug\network_abstract.obj
d:\dell task\server-side\x64\debug\main.obj
d:\dell task\server-side\x64\debug\data_parser_and_converter.obj
d:\dell task\server-side\x64\debug\clients.obj
d:\dell task\server-side\x64\debug\server-side.pdb
d:\dell task\server-side\x64\debug\server-side.tlog\cl.command.1.tlog
d:\dell task\server-side\x64\debug\server-side.tlog\cl.read.1.tlog
d:\dell task\server-side\x64\debug\server-side.tlog\cl.write.1.tlog
d:\dell task\server-side\x64\debug\server-side.tlog\link-cvtres.read.1.tlog
d:\dell task\server-side\x64\debug\server-side.tlog\link-cvtres.write.1.tlog
d:\dell task\server-side\x64\debug\server-side.tlog\link-rc.read.1.tlog
d:\dell task\server-side\x64\debug\server-side.tlog\link-rc.write.1.tlog
d:\dell task\server-side\x64\debug\server-side.tlog\link.command.1.tlog
d:\dell task\server-side\x64\debug\server-side.tlog\link.read.1.tlog
d:\dell task\server-side\x64\debug\server-side.tlog\link.read.2.tlog
d:\dell task\server-side\x64\debug\server-side.tlog\link.write.1.tlog
